Removed Pin From Net: NetName=GND Pin=CT bst-2
Removed Pin From Net: NetName=NetBoost_7 Pin=R bst  180 ohm-1
Removed Member From Class: ClassName=Boost AC Member=CT bst
Removed Member From Class: ClassName=Boost AC Member=R bst  180 ohm
Change Component Designator: OldDesignator=R13 20k  NewDesignator=R13 20k
Added Component: Designator=180 Co bst(FP-OS-CON-TH-E9-d_0_6-MFG)
Add component (AddParameter): Name = "Capacitance"; Value = "180uF"; VariantName = "[No Variations]"
Add component (AddParameter): Name = "Case/Package"; Value = "Radial"; VariantName = "[No Variations]"
Add component (AddParameter): Name = "Construction"; Value = "RADIAL"; VariantName = "[No Variations]"
Add component (AddParameter): Name = "Diameter"; Value = "8mm"; VariantName = "[No Variations]"
Add component (AddParameter): Name = "Dissipation Factor"; Value = "10%"; VariantName = "[No Variations]"
Add component (AddParameter): Name = "ESR (Equivalent Series Resistance)"; Value = "10mR"; VariantName = "[No Variations]"
Add component (AddParameter): Name = "Height - Seated (Max)"; Value = "0.354inch"; VariantName = "[No Variations]"
Add component (AddParameter): Name = "Lead Diameter"; Value = "0.6mm"; VariantName = "[No Variations]"
Add component (AddParameter): Name = "Lead Pitch"; Value = "3.5mm"; VariantName = "[No Variations]"
Add component (AddParameter): Name = "Leakage Current"; Value = "576uA"; VariantName = "[No Variations]"
Add component (AddParameter): Name = "Length"; Value = "9mm"; VariantName = "[No Variations]"
Add component (AddParameter): Name = "Life (Hours)"; Value = "5000Hour"; VariantName = "[No Variations]"
Add component (AddParameter): Name = "Max Operating Temperature"; Value = "105°C"; VariantName = "[No Variations]"
Add component (AddParameter): Name = "Min Operating Temperature"; Value = "-55°C"; VariantName = "[No Variations]"
Add component (AddParameter): Name = "Mount"; Value = "Through Hole"; VariantName = "[No Variations]"
Add component (AddParameter): Name = "Number of Pins"; Value = "9"; VariantName = "[No Variations]"
Add component (AddParameter): Name = "Package Quantity"; Value = "1000"; VariantName = "[No Variations]"
Add component (AddParameter): Name = "Packaging"; Value = "Tape and Reel"; VariantName = "[No Variations]"
Add component (AddParameter): Name = "Polarity"; Value = "Polar"; VariantName = "[No Variations]"
Add component (AddParameter): Name = "Ripple Current"; Value = "5A"; VariantName = "[No Variations]"
Add component (AddParameter): Name = "RoHS Compliant"; Value = "Yes"; VariantName = "[No Variations]"
Add component (AddParameter): Name = "Series"; Value = "OS-CON, SEPC"; VariantName = "[No Variations]"
Add component (AddParameter): Name = "Termination"; Value = "Radial"; VariantName = "[No Variations]"
Add component (AddParameter): Name = "Tolerance"; Value = "20%"; VariantName = "[No Variations]"
Add component (AddParameter): Name = "Voltage"; Value = "16V"; VariantName = "[No Variations]"
Add component (AddParameter): Name = "Voltage Rating"; Value = "16V"; VariantName = "[No Variations]"
Add component (AddParameter): Name = "Voltage Rating (DC)"; Value = "16V"; VariantName = "[No Variations]"
Added Component: Designator=180 ohm R  Bst(FP-CRCW2512-e3-MFG)
Add component (AddParameter): Name = "Case Code (Imperial)"; Value = "2512"; VariantName = "[No Variations]"
Add component (AddParameter): Name = "Case Code (Metric)"; Value = "6432"; VariantName = "[No Variations]"
Add component (AddParameter): Name = "Case/Package"; Value = "2512"; VariantName = "[No Variations]"
Add component (AddParameter): Name = "Composition"; Value = "Thick Film"; VariantName = "[No Variations]"
Add component (AddParameter): Name = "Contact Plating"; Value = "Tin"; VariantName = "[No Variations]"
Add component (AddParameter): Name = "Depth"; Value = "3.15mm"; VariantName = "[No Variations]"
Add component (AddParameter): Name = "Features"; Value = "Automotive AEC-Q200"; VariantName = "[No Variations]"
Add component (AddParameter): Name = "Height"; Value = "0.6mm"; VariantName = "[No Variations]"
Add component (AddParameter): Name = "Lead Free"; Value = "Lead Free"; VariantName = "[No Variations]"
Add component (AddParameter): Name = "Length"; Value = "6.3mm"; VariantName = "[No Variations]"
Add component (AddParameter): Name = "Max Operating Temperature"; Value = "155°C"; VariantName = "[No Variations]"
Add component (AddParameter): Name = "Max Power Dissipation"; Value = "1W"; VariantName = "[No Variations]"
Add component (AddParameter): Name = "Military Standard"; Value = "Not"; VariantName = "[No Variations]"
Add component (AddParameter): Name = "Min Operating Temperature"; Value = "-55°C"; VariantName = "[No Variations]"
Add component (AddParameter): Name = "Number of Pins"; Value = "2"; VariantName = "[No Variations]"
Add component (AddParameter): Name = "Number of Terminations"; Value = "2"; VariantName = "[No Variations]"
Add component (AddParameter): Name = "Package Quantity"; Value = "2000"; VariantName = "[No Variations]"
Add component (AddParameter): Name = "Packaging"; Value = "Tape and Reel"; VariantName = "[No Variations]"
Add component (AddParameter): Name = "Power Rating"; Value = "1W"; VariantName = "[No Variations]"
Add component (AddParameter): Name = "Radiation Hardening"; Value = "No"; VariantName = "[No Variations]"
Add component (AddParameter): Name = "Resistance"; Value = "180R"; VariantName = "[No Variations]"
Add component (AddParameter): Name = "Temperature Coefficient"; Value = "200ppm/°C"; VariantName = "[No Variations]"
Add component (AddParameter): Name = "Termination"; Value = "SMD/SMT"; VariantName = "[No Variations]"
Add component (AddParameter): Name = "Tolerance"; Value = "5%"; VariantName = "[No Variations]"
Add component (AddParameter): Name = "Voltage Rating"; Value = "500V"; VariantName = "[No Variations]"
Add component (AddParameter): Name = "Voltage Rating (DC)"; Value = "500V"; VariantName = "[No Variations]"
Add component (AddParameter): Name = "Weight"; Value = "0.001429oz"; VariantName = "[No Variations]"
Add component (AddParameter): Name = "Width"; Value = "3.15mm"; VariantName = "[No Variations]"
Add component (AddParameter): Name = "Working Voltage"; Value = "500V"; VariantName = "[No Variations]"
Added Component: Designator=330 uF Ct(CAPC1608X92X38LL15T08)
Add component (AddParameter): Name = "Manufacturer"; Value = "Vitramon"; VariantName = "[No Variations]"
Add component (AddParameter): Name = "Part Number"; Value = "VJ0603D331KXAAJ"; VariantName = "[No Variations]"
Added Pin To Net: NetName=GND Pin=180 Co bst-1
Added Pin To Net: NetName=NetBoost_7 Pin=180 ohm R  Bst-1
Added Pin To Net: NetName=GND Pin=330 uF Ct-1
Added Pin To Net: NetName=GND Pin=Buck Down-3
Added Pin To Net: NetName=GND Pin=CT 200 pF BD-2
Change Net Name : Old Net Name=NetBoost_7 New Net Name=Net180 ohm R  Bst_1
Added Pin To Net: NetName=Net180 Co bst_2 Pin=180 Co bst-2
Added Pin To Net: NetName=Net180 Co bst_2 Pin=DBD Boost-1
Added Pin To Net: NetName=Net180 Co bst_2 Pin=R2 Bst 13k-2
Added Net: Name=Net180 Co bst_2
Added Pin To Net: NetName=Net180 ohm R  Bst_2 Pin=180 ohm R  Bst-2
Added Pin To Net: NetName=Net180 ohm R  Bst_2 Pin=Boost-8
Added Net: Name=Net180 ohm R  Bst_2
Added Pin To Net: NetName=Net330 uF Ct_2 Pin=330 uF Ct-2
Added Pin To Net: NetName=Net330 uF Ct_2 Pin=Boost-3
Added Net: Name=Net330 uF Ct_2
Added Member To Class: ClassName=Boost AC Member=Component 180 Co bst 16SEPC180MX+S
Added Member To Class: ClassName=Boost AC Member=Component 180 ohm R  Bst CRCW2512180RJNEG
Added Member To Class: ClassName=Boost AC Member=Component 330 uF Ct VJ0603D331KXAAJ
Added Member To Class: ClassName=PCB_Attempt_2 Member=Component R13 20k RT1206DRD0720KL
