Removed Pin From Net: NetName=NetBoost_6 Pin=C bst-1
Removed Pin From Net: NetName=Net180 ohm R  Bst_1 Pin=Lmin 33 uH-1
Removed Pin From Net: NetName=NetBoost_1 Pin=Lmin 33 uH-2
Removed Pin From Net: NetName=NetBoost_6 Pin=Rsc 0.2 Bst-2
Removed Member From Class: ClassName=Boost AC Member=Lmin 33 uH
Change Component Footprint: Designator=KR 1K Old Footprint=RESC2013X55X40ML15T20 New Footprint=RESC2013X50X30ML20T20
Change Component Comment : Designator=KR 1K Old Comment=TNPW080520K0BEEN New Comment=CRCW08051K00FKEB
Change Managed Component Library Link : Designator=KR 1K Old VaultGUID=B7D15EC3-160A-466F-A46C-7801FE6295A7 New VaultGUID=B7D15EC3-160A-466F-A46C-7801FE6295A7 Old ItemGUID=140D73BC-8952-4EA5-89BA-B053233EC03E New ItemGUID=3095ADE0-6BE4-4818-9942-442BFC9FB12E Old RevisionGUID=EC6AA8C2-EF28-4187-A788-B9235EBA0766 New RevisionGUID=04FDEB59-4B90-4629-9A11-7FFA69AFEC8D
Change component parameters: Designator = "KR 1K" ("KR 1k"); Footprint = "RESC2013X55X40ML15T20"; UniqueID = "\BQCDQVQT" ("\BQCDQVQT")
Change component parameters (AddParameter): Name = "Manufacturer"; Value = "Vishay Dale"; VariantName = "[No Variations]"
Change component parameters (AddParameter): Name = "Part Number"; Value = "CRCW08051K00FKEB"; VariantName = "[No Variations]"
Added Component: Designator=Battery ?(TECO-282836-2_V)
Add component (AddParameter): Name = "3D Model"; Value = "282836-2.pdf"; VariantName = "[No Variations]"
Add component (AddParameter): Name = "Category"; Value = "Connectors,Interconnects"; VariantName = "[No Variations]"
Add component (AddParameter): Name = "Clamp Material - Plating"; Value = "Brass-NickelPlated"; VariantName = "[No Variations]"
Add component (AddParameter): Name = "Color"; Value = "Green"; VariantName = "[No Variations]"
Add component (AddParameter): Name = "Contact Material - Plating"; Value = "Brass-TinPlated"; VariantName = "[No Variations]"
Add component (AddParameter): Name = "Current"; Value = "13.5A"; VariantName = "[No Variations]"
Add component (AddParameter): Name = "Datasheet URL"; Value = "http://www.te.com.cn/commerce/DocumentDelivery/DDEController?Action=showdoc&DocId=Catalog+Section%7F1308389_EUROSTYLE_TERMINAL_BLOCKS%7F0607%7Fpdf%7FEnglish%7FENG_CS_1308389_EUROSTYLE_TERMINAL_BLOCKS_0607.pdf%7F282836-2"; VariantName = "[No Variations]"
Add component (AddParameter): Name = "Dynamic Catalog"; Value = "BuchananSeries"; VariantName = "[No Variations]"
Add component (AddParameter): Name = "Family"; Value = "TerminalBlocks-WiretoBoard"; VariantName = "[No Variations]"
Add component (AddParameter): Name = "Featured Product"; Value = "EurostyleTerminalBlockConnectors"; VariantName = "[No Variations]"
Add component (AddParameter): Name = "Features"; Value = "Interlocking(Side)"; VariantName = "[No Variations]"
Add component (AddParameter): Name = "Housing Material"; Value = "Polyamide(PA66),Nylon6/6"; VariantName = "[No Variations]"
Add component (AddParameter): Name = "Manufacturer"; Value = "TE Connectivity"; VariantName = "[No Variations]"
Add component (AddParameter): Name = "Manufacturer URL"; Value = "http://www.te.com"; VariantName = "[No Variations]"
Add component (AddParameter): Name = "Mating Orientation"; Value = "HorizontalwithBoard"; VariantName = "[No Variations]"
Add component (AddParameter): Name = "Mounting Type"; Value = "ThroughHole"; VariantName = "[No Variations]"
Add component (AddParameter): Name = "Number of Levels"; Value = "1"; VariantName = "[No Variations]"
Add component (AddParameter): Name = "Other Names"; Value = "5ULV-02B
A98076"; VariantName = "[No Variations]"
Add component (AddParameter): Name = "Package Description"; Value = "Female Header, Pitch 5 mm, 1 x 2 Position, Height 10 mm, Tail Length 3.5 mm"; VariantName = "[No Variations]"
Add component (AddParameter): Name = "Package Reference"; Value = "THD"; VariantName = "[No Variations]"
Add component (AddParameter): Name = "Packaging"; Value = "Bulk"; VariantName = "[No Variations]"
Add component (AddParameter): Name = "Pitch"; Value = "0.197"(5.00mm)"; VariantName = "[No Variations]"
Add component (AddParameter): Name = "Positions Per Level"; Value = "2"; VariantName = "[No Variations]"
Add component (AddParameter): Name = "Product Training Modules"; Value = "Wire-to-BoardEurostyleTerminalBlocks"; VariantName = "[No Variations]"
Add component (AddParameter): Name = "RoHS Information"; Value = "282836-2StatementofCompliance"; VariantName = "[No Variations]"
Add component (AddParameter): Name = "Screw Material - Plating"; Value = "Brass-NickelPlated"; VariantName = "[No Variations]"
Add component (AddParameter): Name = "Screw Thread"; Value = "M3"; VariantName = "[No Variations]"
Add component (AddParameter): Name = "Series"; Value = "Buchanan"; VariantName = "[No Variations]"
Add component (AddParameter): Name = "Standard Package"; Value = "300"; VariantName = "[No Variations]"
Add component (AddParameter): Name = "Torque - Screw"; Value = "0.68Nm(6Lb-In)"; VariantName = "[No Variations]"
Add component (AddParameter): Name = "Voltage"; Value = "300V"; VariantName = "[No Variations]"
Add component (AddParameter): Name = "Wire Gauge"; Value = "16-30AWG"; VariantName = "[No Variations]"
Add component (AddParameter): Name = "Wire Termination"; Value = "Screw-RisingCageClamp"; VariantName = "[No Variations]"
Added Component: Designator=J?(FP-RASM722PTR13X-MFG)
Add component (AddParameter): Name = "Case/Package"; Value = "SMD/SMT"; VariantName = "[No Variations]"
Add component (AddParameter): Name = "Color"; Value = "Black"; VariantName = "[No Variations]"
Add component (AddParameter): Name = "Connector Type"; Value = "Jack"; VariantName = "[No Variations]"
Add component (AddParameter): Name = "Contact Material"; Value = "Copper Alloy"; VariantName = "[No Variations]"
Add component (AddParameter): Name = "Contact Plating"; Value = "Tin"; VariantName = "[No Variations]"
Add component (AddParameter): Name = "Current Rating"; Value = "5A"; VariantName = "[No Variations]"
Add component (AddParameter): Name = "Gender"; Value = "Male"; VariantName = "[No Variations]"
Add component (AddParameter): Name = "Housing Color"; Value = "Black"; VariantName = "[No Variations]"
Add component (AddParameter): Name = "Housing Material"; Value = "Thermoplastic"; VariantName = "[No Variations]"
Add component (AddParameter): Name = "Mount"; Value = "Surface Mount"; VariantName = "[No Variations]"
Add component (AddParameter): Name = "Package Quantity"; Value = "120"; VariantName = "[No Variations]"
Add component (AddParameter): Name = "Shielding"; Value = "Unshielded"; VariantName = "[No Variations]"
Add component (AddParameter): Name = "Termination"; Value = "Solder"; VariantName = "[No Variations]"
Added Component: Designator=Lmin 33 uH Bst(WE-TIS 1111)
Add component (AddParameter): Name = "ComponentLink1Description"; Value = "Manufacturer URL"; VariantName = "[No Variations]"
Add component (AddParameter): Name = "ComponentLink1URL"; Value = "http://www.we-online.com"; VariantName = "[No Variations]"
Add component (AddParameter): Name = "ComponentLink2Description"; Value = "Datasheet"; VariantName = "[No Variations]"
Add component (AddParameter): Name = "ComponentLink2URL"; Value = "http://www.we-online.de/katalog/media/pdf/7447471330.pdf"; VariantName = "[No Variations]"
Add component (AddParameter): Name = "Inductance"; Value = "33.0 µH"; VariantName = "[No Variations]"
Add component (AddParameter): Name = "Manufacturer"; Value = "Wuerth Elektronik"; VariantName = "[No Variations]"
Add component (AddParameter): Name = "PackageReference"; Value = "WE-TIS 1111"; VariantName = "[No Variations]"
Add component (AddParameter): Name = "PartNumber"; Value = "7447471330"; VariantName = "[No Variations]"
Added Component: Designator=U?(DIP8)
Add component (AddParameter): Name = "Code_JEDEC"; Value = "MO-001-AN"; VariantName = "[No Variations]"
Add component (AddParameter): Name = "ComponentLink1Description"; Value = "Manufacturer URL"; VariantName = "[No Variations]"
Add component (AddParameter): Name = "ComponentLink1URL"; Value = "http://www.st.com"; VariantName = "[No Variations]"
Add component (AddParameter): Name = "ComponentLink2Description"; Value = "Datasheet"; VariantName = "[No Variations]"
Add component (AddParameter): Name = "ComponentLink2URL"; Value = "http://www.st.com/internet/com/TECHNICAL_RESOURCES/TECHNICAL_LITERATURE/DATASHEET/CD00001232.pdf"; VariantName = "[No Variations]"
Add component (AddParameter): Name = "DatasheetVersion"; Value = "Nov-2007"; VariantName = "[No Variations]"
Add component (AddParameter): Name = "PackageDescription"; Value = "DIP, 8-Pin, Skinny Dual In-line Package, 300mil Wide, Pitch 2.54 mm"; VariantName = "[No Variations]"
Add component (AddParameter): Name = "PackageReference"; Value = "DIP8"; VariantName = "[No Variations]"
Add component (AddParameter): Name = "PackageVersion"; Value = "2007"; VariantName = "[No Variations]"
Added Pin To Net: NetName=NetBattery 1_2 Pin=Battery ?-2
Added Pin To Net: NetName=NetCB 1000 uF_2 Pin=Boost-5
Added Pin To Net: NetName=NetCB 1000 uF_2 Pin=C bst-1
Added Pin To Net: NetName=NetBoost_1 Pin=Lmin 33 uH Bst-1
Added Pin To Net: NetName=Net180 ohm R  Bst_1 Pin=Lmin 33 uH Bst-2
Added Pin To Net: NetName=NetBoost_6 Pin=R 1k BST-2
Added Pin To Net: NetName=NetBoost_6 Pin=R2 Bst 13k-1
Added Pin To Net: NetName=NetCB 1000 uF_2 Pin=Rsc 0.2 Bst-2
Change Net Name : Old Net Name=NetCB 1000 uF_2 New Net Name=NetBoost_5
Added Member To Class: ClassName=PCB_Attempt_2 Member=Component Battery ? 282836-2
Added Member To Class: ClassName=Boost AC Member=Component J? RASM722PTR13X
Added Member To Class: ClassName=Boost AC Member=Component Lmin 33 uH Bst 7447471330
Added Member To Class: ClassName=Buck Down Member=Component U? MC34063ACN
