Change Component Designator: OldDesignator=C2 100 uF NewDesignator=C2
Change Component Designator: OldDesignator=C3 100 uF NewDesignator=C3 
Change Component Designator: OldDesignator=R7 1k NewDesignator=R6
Change Component Designator: OldDesignator=R12 1k NewDesignator=R10
Change Component Designator: OldDesignator=R16 2.4 k NewDesignator=R17
Change Component Designator: OldDesignator=R17 1k NewDesignator=R14
Change Component Designator: OldDesignator=R18 2 ohm NewDesignator=R19
Change Component Designator: OldDesignator=R3 20k NewDesignator=R3 
Change Component Designator: OldDesignator=R7 20k NewDesignator=R5
Change Component Designator: OldDesignator=R8 20k NewDesignator=R7
Change Component Designator: OldDesignator=R12 20k NewDesignator=R9
Change Component Designator: OldDesignator=R13 20k NewDesignator=R11
Change Component Designator: OldDesignator=R17 20k NewDesignator=R13
Change Component Designator: OldDesignator=R18 20k NewDesignator=R15
Change Component Designator: OldDesignator=R5 330 R NewDesignator=R4
Change Component Designator: OldDesignator=R10 330 R NewDesignator=R8
Change Component Designator: OldDesignator=R15 330R NewDesignator=R12
Change Component Designator: OldDesignator=R 17 240 ohm NewDesignator=R18
Change Component Designator: OldDesignator=R20 330R NewDesignator=R16
Added Pin To Net: NetName=GND Pin=Balancer IN-1
Added Pin To Net: NetName=GND Pin=Balancer OUT-2
Added Pin To Net: NetName=GND Pin=Boost Connector-2
Change Net Name : Old Net Name=NetR7 1k_1 New Net Name=NetR6_1
Change Net Name : Old Net Name=NetR12 1k_1 New Net Name=NetR10_1
Change Net Name : Old Net Name=NetR17 1k_1 New Net Name=NetR14_1
Change Net Name : Old Net Name=NetR7 20k_2 New Net Name=NetR5_2
Change Net Name : Old Net Name=NetR12 20k_2 New Net Name=NetR9_2
Change Net Name : Old Net Name=NetR17 20k_2 New Net Name=NetR13_2
Change Net Name : Old Net Name=NetR5 330 R_1 New Net Name=NetR4_1
Change Net Name : Old Net Name=NetR10 330 R_1 New Net Name=NetR8_1
Change Net Name : Old Net Name=NetR15 330R_1 New Net Name=NetR12_1
Change Net Name : Old Net Name=NetR20 330R_1 New Net Name=NetR16_1
